-------------------------------------------------------------------------------
Test set: TestSuite
-------------------------------------------------------------------------------
Tests run: 3, Failures: 1, Errors: 0, Skipped: 0, Time elapsed: 139.615 s <<< FAILURE! - in TestSuite
Extentsreport(com.test_runner.TestRunner)  Time elapsed: 36.387 s  <<< FAILURE!
java.lang.NullPointerException
	at com.test_runner.TestRunner.Extentsreport(TestRunner.java:38)

